Build started 10/13/2014 8:40:22 PM.
     1>Project "C:\Users\chris\Documents\Visual Studio 2013\Projects\CWG\cwg.vcxproj" on node 2 (Build target(s)).
     1>C:\Program Files (x86)\MSBuild\Microsoft.Cpp\v4.0\V120\Microsoft.CppBuild.targets(362,5): warning MSB8003: Could not find WindowsSDKDir variable from the registry.  TargetFrameworkVersion or PlatformToolset may be set to an invalid version number.
     1>ClCompile:
         C:\Program Files (x86)\LLVM\msbuild-bin\CL.exe /c /IC:\mingw\mingw32\include /ZI /ZW /nologo /W1 /WX- /Od /Oy- /Gm /EHsc /RTC1 /MDd /GS /fp:precise /Zc:wchar_t /Zc:forScope /Fo"Debug\\" /Fd"Debug\vc120.pdb" /Gd /TC /showIncludes /analyze- /errorReport:send -m32 -fmsc-version=1800 arraydawg.c breadthqueue.c "CWG-Creator.c" CWGLib.c dawg.c DictionaryManager.c "Justin-CWG-Search.c" libkern\OSAtomic.c main.c tnode.c
     1>clang-cl.exe : warning : argument unused during compilation: '/ZI'
     1>clang-cl.exe : warning : argument unused during compilation: '/ZW'
     1>clang-cl.exe : warning : argument unused during compilation: '/Gm'
     1>clang-cl.exe : warning : argument unused during compilation: '/GS'
     1>clang-cl.exe : warning : argument unused during compilation: '/fp:precise'
     1>clang-cl.exe : warning : argument unused during compilation: '/FdDebug\vc120.pdb'
     1>clang-cl.exe : warning : argument unused during compilation: '/Gd'
         Note: including file: C:\Program Files (x86)\Microsoft Visual Studio 12.0\VC\include\stdlib.h
         Note: including file:  C:\Program Files (x86)\Microsoft Visual Studio 12.0\VC\include\crtdefs.h
         Note: including file:   C:\Program Files (x86)\Microsoft Visual Studio 12.0\VC\include\sal.h
         Note: including file:    C:\Program Files (x86)\Microsoft Visual Studio 12.0\VC\include\ConcurrencySal.h
         Note: including file:   C:\Program Files (x86)\Microsoft Visual Studio 12.0\VC\include\vadefs.h
         Note: including file:  C:\Program Files (x86)\LLVM\msbuild-bin\..\lib\clang\3.5.0\include\limits.h
         Note: including file:   C:\Program Files (x86)\Microsoft Visual Studio 12.0\VC\include\limits.h
         Note: including file:    C:\Program Files (x86)\Microsoft Visual Studio 12.0\VC\include\crtdefs.h
         Note: including file: C:\Program Files (x86)\Microsoft Visual Studio 12.0\VC\include\stdio.h
         Note: including file:  C:\Program Files (x86)\Microsoft Visual Studio 12.0\VC\include\crtdefs.h
         Note: including file:  C:\Program Files (x86)\Microsoft Visual Studio 12.0\VC\include\swprintf.inl
         Note: including file: C:\Program Files (x86)\Microsoft Visual Studio 12.0\VC\include\string.h
         Note: including file:  C:\Program Files (x86)\Microsoft Visual Studio 12.0\VC\include\crtdefs.h
         Note: including file: ./arraydawg.h
         Note: including file:  ./tnode.h
         In file included from arraydawg.c:12:
         In file included from ./arraydawg.h:12:
     1>./tnode.h(12,21): warning : extra tokens at end of #include directive [-Wextra-tokens]
         #include <stdbool.h>;
                             ^
                             //
         Note: including file:   C:\Program Files (x86)\LLVM\msbuild-bin\..\lib\clang\3.5.0\include\stdbool.h
         Note: including file: ./CWGLib.h
         Note: including file: ./dawg.h
         Note: including file: ./breadthqueue.h
         Note: including file: C:\Program Files (x86)\Microsoft Visual Studio 12.0\VC\include\assert.h
         Note: including file:  C:\Program Files (x86)\Microsoft Visual Studio 12.0\VC\include\crtdefs.h
     1>arraydawg.c(137,21): warning : 'fopen' is deprecated: This function or variable may be unsafe. Consider using fopen_s instead. To disable deprecation, use _CRT_SECURE_NO_WARNINGS. See online help for details. [-Wdeprecated-declarations]
             FILE *dawgdot = fopen("dawg.dot", "w");
                             ^
         C:\Program Files (x86)\Microsoft Visual Studio 12.0\VC\include\stdio.h(211,72) :  note: 'fopen' has been explicitly marked deprecated here
         _Check_return_ _CRT_INSECURE_DEPRECATE(fopen_s) _CRTIMP FILE * __cdecl fopen(_In_z_ const char * _Filename, _In_z_ const char * _Mode);
                                                                                ^
     1>arraydawg.c(391,18): warning : 'fopen' is deprecated: This function or variable may be unsafe. Consider using fopen_s instead. To disable deprecation, use _CRT_SECURE_NO_WARNINGS. See online help for details. [-Wdeprecated-declarations]
             FILE *Data = fopen(TRADITIONAL_DAWG_DATA,"wb");
                          ^
         C:\Program Files (x86)\Microsoft Visual Studio 12.0\VC\include\stdio.h(211,72) :  note: 'fopen' has been explicitly marked deprecated here
         _Check_return_ _CRT_INSECURE_DEPRECATE(fopen_s) _CRTIMP FILE * __cdecl fopen(_In_z_ const char * _Filename, _In_z_ const char * _Mode);
                                                                                ^
     1>arraydawg.c(416,18): warning : 'fopen' is deprecated: This function or variable may be unsafe. Consider using fopen_s instead. To disable deprecation, use _CRT_SECURE_NO_WARNINGS. See online help for details. [-Wdeprecated-declarations]
             FILE *Text = fopen(TRADITIONAL_DAWG_TEXT_DATA,"w");
                          ^
         C:\Program Files (x86)\Microsoft Visual Studio 12.0\VC\include\stdio.h(211,72) :  note: 'fopen' has been explicitly marked deprecated here
         _Check_return_ _CRT_INSECURE_DEPRECATE(fopen_s) _CRTIMP FILE * __cdecl fopen(_In_z_ const char * _Filename, _In_z_ const char * _Mode);
                                                                                ^
     1>arraydawg.c(418,18): warning : 'fopen' is deprecated: This function or variable may be unsafe. Consider using fopen_s instead. To disable deprecation, use _CRT_SECURE_NO_WARNINGS. See online help for details. [-Wdeprecated-declarations]
             FILE *Main = fopen(DIRECT_GRAPH_DATA_PART_ONE,"wb");
                          ^
         C:\Program Files (x86)\Microsoft Visual Studio 12.0\VC\include\stdio.h(211,72) :  note: 'fopen' has been explicitly marked deprecated here
         _Check_return_ _CRT_INSECURE_DEPRECATE(fopen_s) _CRTIMP FILE * __cdecl fopen(_In_z_ const char * _Filename, _In_z_ const char * _Mode);
                                                                                ^
     1>arraydawg.c(419,23): warning : 'fopen' is deprecated: This function or variable may be unsafe. Consider using fopen_s instead. To disable deprecation, use _CRT_SECURE_NO_WARNINGS. See online help for details. [-Wdeprecated-declarations]
             FILE *Secondary = fopen(DIRECT_GRAPH_DATA_PART_TWO,"wb");
                               ^
         C:\Program Files (x86)\Microsoft Visual Studio 12.0\VC\include\stdio.h(211,72) :  note: 'fopen' has been explicitly marked deprecated here
         _Check_return_ _CRT_INSECURE_DEPRECATE(fopen_s) _CRTIMP FILE * __cdecl fopen(_In_z_ const char * _Filename, _In_z_ const char * _Mode);
                                                                                ^
     1>arraydawg.c(435,19): warning : 'fopen' is deprecated: This function or variable may be unsafe. Consider using fopen_s instead. To disable deprecation, use _CRT_SECURE_NO_WARNINGS. See online help for details. [-Wdeprecated-declarations]
             FILE *ListE = fopen(FINAL_NODES_DATA, "wb");
                           ^
         C:\Program Files (x86)\Microsoft Visual Studio 12.0\VC\include\stdio.h(211,72) :  note: 'fopen' has been explicitly marked deprecated here
         _Check_return_ _CRT_INSECURE_DEPRECATE(fopen_s) _CRTIMP FILE * __cdecl fopen(_In_z_ const char * _Filename, _In_z_ const char * _Mode);
                                                                                ^
     1>arraydawg.c(443,9): warning : 'strcpy' is deprecated: This function or variable may be unsafe. Consider using strcpy_s instead. To disable deprecation, use _CRT_SECURE_NO_WARNINGS. See online help for details. [-Wdeprecated-declarations]
                 strcpy(HolderOfUniqueChildStrings[i], "ZZZZZZZZZZZZZZZZZZZZZZZZZZ");
                 ^
         C:\Program Files (x86)\Microsoft Visual Studio 12.0\VC\include\string.h(112,88) :  note: 'strcpy' has been explicitly marked deprecated here
         __DEFINE_CPP_OVERLOAD_STANDARD_FUNC_0_1(char *, __RETURN_POLICY_DST, __EMPTY_DECLSPEC, strcpy, _Out_writes_z_(_String_length_(_Source) + 1), char, _Dest, _In_z_ const char *, _Source)
                                                                                                ^
         C:\Program Files (x86)\Microsoft Visual Studio 12.0\VC\include\crtdefs.h(865,87) :  note: expanded from macro '__DEFINE_CPP_OVERLOAD_STANDARD_FUNC_0_1'
             __DEFINE_CPP_OVERLOAD_STANDARD_FUNC_0_1_EX(_ReturnType, _ReturnPolicy, _DeclSpec, _FuncName, _FuncName##_s, _DstType, _SalAttributeDst, _DstType, _Dst, _TType1, _TArg1)
                                                                                               ^
         C:\Program Files (x86)\Microsoft Visual Studio 12.0\VC\include\crtdefs.h(1939,76) :  note: expanded from macro '__DEFINE_CPP_OVERLOAD_STANDARD_FUNC_0_1_EX'
             _CRT_INSECURE_DEPRECATE(_SecureFuncName) _DeclSpec _ReturnType __cdecl _FuncName(_SalAttributeDst _DstType *_Dst, _TType1 _TArg1);
                                                                                    ^
     1>arraydawg.c(467,13): warning : 'strcpy' is deprecated: This function or variable may be unsafe. Consider using strcpy_s instead. To disable deprecation, use _CRT_SECURE_NO_WARNINGS. See online help for details. [-Wdeprecated-declarations]
                     strcpy(TempHolder, CurrentChildLetterString);
                     ^
         C:\Program Files (x86)\Microsoft Visual Studio 12.0\VC\include\string.h(112,88) :  note: 'strcpy' has been explicitly marked deprecated here
         __DEFINE_CPP_OVERLOAD_STANDARD_FUNC_0_1(char *, __RETURN_POLICY_DST, __EMPTY_DECLSPEC, strcpy, _Out_writes_z_(_String_length_(_Source) + 1), char, _Dest, _In_z_ const char *, _Source)
                                                                                                ^
         C:\Program Files (x86)\Microsoft Visual Studio 12.0\VC\include\crtdefs.h(865,87) :  note: expanded from macro '__DEFINE_CPP_OVERLOAD_STANDARD_FUNC_0_1'
             __DEFINE_CPP_OVERLOAD_STANDARD_FUNC_0_1_EX(_ReturnType, _ReturnPolicy, _DeclSpec, _FuncName, _FuncName##_s, _DstType, _SalAttributeDst, _DstType, _Dst, _TType1, _TArg1)
                                                                                               ^
         C:\Program Files (x86)\Microsoft Visual Studio 12.0\VC\include\crtdefs.h(1939,76) :  note: expanded from macro '__DEFINE_CPP_OVERLOAD_STANDARD_FUNC_0_1_EX'
             _CRT_INSECURE_DEPRECATE(_SecureFuncName) _DeclSpec _ReturnType __cdecl _FuncName(_SalAttributeDst _DstType *_Dst, _TType1 _TArg1);
                                                                                    ^
     1>arraydawg.c(480,9): warning : 'strcpy' is deprecated: This function or variable may be unsafe. Consider using strcpy_s instead. To disable deprecation, use _CRT_SECURE_NO_WARNINGS. See online help for details. [-Wdeprecated-declarations]
                 strcpy(CurrentChildLetterString, HolderOfUniqueChildStrings[i]);
                 ^
         C:\Program Files (x86)\Microsoft Visual Studio 12.0\VC\include\string.h(112,88) :  note: 'strcpy' has been explicitly marked deprecated here
         __DEFINE_CPP_OVERLOAD_STANDARD_FUNC_0_1(char *, __RETURN_POLICY_DST, __EMPTY_DECLSPEC, strcpy, _Out_writes_z_(_String_length_(_Source) + 1), char, _Dest, _In_z_ const char *, _Source)
                                                                                                ^
         C:\Program Files (x86)\Microsoft Visual Studio 12.0\VC\include\crtdefs.h(865,87) :  note: expanded from macro '__DEFINE_CPP_OVERLOAD_STANDARD_FUNC_0_1'
             __DEFINE_CPP_OVERLOAD_STANDARD_FUNC_0_1_EX(_ReturnType, _ReturnPolicy, _DeclSpec, _FuncName, _FuncName##_s, _DstType, _SalAttributeDst, _DstType, _Dst, _TType1, _TArg1)
                                                                                               ^
         C:\Program Files (x86)\Microsoft Visual Studio 12.0\VC\include\crtdefs.h(1939,76) :  note: expanded from macro '__DEFINE_CPP_OVERLOAD_STANDARD_FUNC_0_1_EX'
             _CRT_INSECURE_DEPRECATE(_SecureFuncName) _DeclSpec _ReturnType __cdecl _FuncName(_SalAttributeDst _DstType *_Dst, _TType1 _TArg1);
                                                                                    ^
         10 warnings generated.
         Note: including file: C:\Program Files (x86)\Microsoft Visual Studio 12.0\VC\include\stdlib.h
         Note: including file:  C:\Program Files (x86)\Microsoft Visual Studio 12.0\VC\include\crtdefs.h
         Note: including file:   C:\Program Files (x86)\Microsoft Visual Studio 12.0\VC\include\sal.h
         Note: including file:    C:\Program Files (x86)\Microsoft Visual Studio 12.0\VC\include\ConcurrencySal.h
         Note: including file:   C:\Program Files (x86)\Microsoft Visual Studio 12.0\VC\include\vadefs.h
         Note: including file:  C:\Program Files (x86)\LLVM\msbuild-bin\..\lib\clang\3.5.0\include\limits.h
         Note: including file:   C:\Program Files (x86)\Microsoft Visual Studio 12.0\VC\include\limits.h
         Note: including file:    C:\Program Files (x86)\Microsoft Visual Studio 12.0\VC\include\crtdefs.h
         Note: including file: C:\Program Files (x86)\Microsoft Visual Studio 12.0\VC\include\string.h
         Note: including file:  C:\Program Files (x86)\Microsoft Visual Studio 12.0\VC\include\crtdefs.h
         Note: including file: ./breadthqueue.h
         Note: including file:  ./tnode.h
         In file included from breadthqueue.c:11:
         In file included from ./breadthqueue.h:12:
     1>./tnode.h(12,21): warning : extra tokens at end of #include directive [-Wextra-tokens]
         #include <stdbool.h>;
                             ^
                             //
         Note: including file:   C:\Program Files (x86)\LLVM\msbuild-bin\..\lib\clang\3.5.0\include\stdbool.h
         Note: including file: ./dawg.h
         Note: including file:  ./CWGLib.h
         1 warning generated.
         Note: including file: C:\Program Files (x86)\Microsoft Visual Studio 12.0\VC\include\stdlib.h
         Note: including file:  C:\Program Files (x86)\Microsoft Visual Studio 12.0\VC\include\crtdefs.h
         Note: including file:   C:\Program Files (x86)\Microsoft Visual Studio 12.0\VC\include\sal.h
         Note: including file:    C:\Program Files (x86)\Microsoft Visual Studio 12.0\VC\include\ConcurrencySal.h
         Note: including file:   C:\Program Files (x86)\Microsoft Visual Studio 12.0\VC\include\vadefs.h
         Note: including file:  C:\Program Files (x86)\LLVM\msbuild-bin\..\lib\clang\3.5.0\include\limits.h
         Note: including file:   C:\Program Files (x86)\Microsoft Visual Studio 12.0\VC\include\limits.h
         Note: including file:    C:\Program Files (x86)\Microsoft Visual Studio 12.0\VC\include\crtdefs.h
         Note: including file: C:\Program Files (x86)\Microsoft Visual Studio 12.0\VC\include\stdio.h
         Note: including file:  C:\Program Files (x86)\Microsoft Visual Studio 12.0\VC\include\crtdefs.h
         Note: including file:  C:\Program Files (x86)\Microsoft Visual Studio 12.0\VC\include\swprintf.inl
         Note: including file: C:\Program Files (x86)\Microsoft Visual Studio 12.0\VC\include\string.h
         Note: including file:  C:\Program Files (x86)\Microsoft Visual Studio 12.0\VC\include\crtdefs.h
         Note: including file: C:\Program Files (x86)\LLVM\msbuild-bin\..\lib\clang\3.5.0\include\stdbool.h
         Note: including file: C:\Program Files (x86)\Microsoft Visual Studio 12.0\VC\include\math.h
         Note: including file:  C:\Program Files (x86)\Microsoft Visual Studio 12.0\VC\include\crtdefs.h
         Note: including file: ./CWG-Creator.h
         Note: including file: ./CWGLib.h
         Note: including file: ./tnode.h
         In file included from CWG-Creator.c:17:
     1>./tnode.h(12,21): warning : extra tokens at end of #include directive [-Wextra-tokens]
         #include <stdbool.h>;
                             ^
                             //
         Note: including file: ./dawg.h
         Note: including file: ./breadthqueue.h
         Note: including file: ./arraydawg.h
         Note: including file: C:\Program Files (x86)\Microsoft Visual Studio 12.0\VC\include\assert.h
         Note: including file:  C:\Program Files (x86)\Microsoft Visual Studio 12.0\VC\include\crtdefs.h
     1>CWG-Creator.c(45,45): warning : array subscript is of type 'char' [-Wchar-subscripts]
                     if(ChildListFormat & PowersOfTwo[i]) {
                                                     ^~
     1>CWG-Creator.c(80,45): warning : array subscript is of type 'char' [-Wchar-subscripts]
                     if(ChildListFormat & PowersOfTwo[i]) {
                                                     ^~
     1>CWG-Creator.c(132,26): warning : 'strncpy' is deprecated: This function or variable may be unsafe. Consider using strncpy_s instead. To disable deprecation, use _CRT_SECURE_NO_WARNINGS. See online help for details. [-Wdeprecated-declarations]
                     char *temp = strncpy(&(AllWordsInEnglish[CurrentLength][CurrentTracker[CurrentLength] * (CurrentLength + 1)]), word, CurrentLength);
                                  ^
         C:\Program Files (x86)\Microsoft Visual Studio 12.0\VC\include\string.h(195,83) :  note: 'strncpy' has been explicitly marked deprecated here
         __DEFINE_CPP_OVERLOAD_STANDARD_NFUNC_0_2_EX(char *, __RETURN_POLICY_DST, _CRTIMP, strncpy, strncpy_s, _Out_writes_z_(_Size) char, _Out_writes_(_Count) _Post_maybez_, char, _Dest, _In_reads_or_z_(_Count) const char *, _Source, _In_ size_t, _Count)
                                                                                           ^
         C:\Program Files (x86)\Microsoft Visual Studio 12.0\VC\include\crtdefs.h(1980,76) :  note: expanded from macro '__DEFINE_CPP_OVERLOAD_STANDARD_NFUNC_0_2_EX'
             _CRT_INSECURE_DEPRECATE(_SecureFuncName) _DeclSpec _ReturnType __cdecl _FuncName(_SalAttributeDst _DstType *_Dst, _TType1 _TArg1, _TType2 _TArg2);
                                                                                    ^
     1>CWG-Creator.c(158,21): warning : 'fopen' is deprecated: This function or variable may be unsafe. Consider using fopen_s instead. To disable deprecation, use _CRT_SECURE_NO_WARNINGS. See online help for details. [-Wdeprecated-declarations]
             FILE *PartOne = fopen(DIRECT_GRAPH_DATA_PART_ONE, "rb");
                             ^
         C:\Program Files (x86)\Microsoft Visual Studio 12.0\VC\include\stdio.h(211,72) :  note: 'fopen' has been explicitly marked deprecated here
         _Check_return_ _CRT_INSECURE_DEPRECATE(fopen_s) _CRTIMP FILE * __cdecl fopen(_In_z_ const char * _Filename, _In_z_ const char * _Mode);
                                                                                ^
     1>CWG-Creator.c(159,21): warning : 'fopen' is deprecated: This function or variable may be unsafe. Consider using fopen_s instead. To disable deprecation, use _CRT_SECURE_NO_WARNINGS. See online help for details. [-Wdeprecated-declarations]
             FILE *PartTwo = fopen(DIRECT_GRAPH_DATA_PART_TWO, "rb");
                             ^
         C:\Program Files (x86)\Microsoft Visual Studio 12.0\VC\include\stdio.h(211,72) :  note: 'fopen' has been explicitly marked deprecated here
         _Check_return_ _CRT_INSECURE_DEPRECATE(fopen_s) _CRTIMP FILE * __cdecl fopen(_In_z_ const char * _Filename, _In_z_ const char * _Mode);
                                                                                ^
     1>CWG-Creator.c(160,19): warning : 'fopen' is deprecated: This function or variable may be unsafe. Consider using fopen_s instead. To disable deprecation, use _CRT_SECURE_NO_WARNINGS. See online help for details. [-Wdeprecated-declarations]
             FILE *ListE = fopen(FINAL_NODES_DATA, "rb");
                           ^
         C:\Program Files (x86)\Microsoft Visual Studio 12.0\VC\include\stdio.h(211,72) :  note: 'fopen' has been explicitly marked deprecated here
         _Check_return_ _CRT_INSECURE_DEPRECATE(fopen_s) _CRTIMP FILE * __cdecl fopen(_In_z_ const char * _Filename, _In_z_ const char * _Mode);
                                                                                ^
     1>CWG-Creator.c(725,26): warning : 'fopen' is deprecated: This function or variable may be unsafe. Consider using fopen_s instead. To disable deprecation, use _CRT_SECURE_NO_WARNINGS. See online help for details. [-Wdeprecated-declarations]
             FILE* FinalProduct = fopen(CWG_DATA, "wb");
                                  ^
         C:\Program Files (x86)\Microsoft Visual Studio 12.0\VC\include\stdio.h(211,72) :  note: 'fopen' has been explicitly marked deprecated here
         _Check_return_ _CRT_INSECURE_DEPRECATE(fopen_s) _CRTIMP FILE * __cdecl fopen(_In_z_ const char * _Filename, _In_z_ const char * _Mode);
                                                                                ^
     1>CWG-Creator.c(727,5): warning : 'strcpy' is deprecated: This function or variable may be unsafe. Consider using strcpy_s instead. To disable deprecation, use _CRT_SECURE_NO_WARNINGS. See online help for details. [-Wdeprecated-declarations]
             strcpy(tempDebugName, CWG_DATA);
             ^
         C:\Program Files (x86)\Microsoft Visual Studio 12.0\VC\include\string.h(112,88) :  note: 'strcpy' has been explicitly marked deprecated here
         __DEFINE_CPP_OVERLOAD_STANDARD_FUNC_0_1(char *, __RETURN_POLICY_DST, __EMPTY_DECLSPEC, strcpy, _Out_writes_z_(_String_length_(_Source) + 1), char, _Dest, _In_z_ const char *, _Source)
                                                                                                ^
         C:\Program Files (x86)\Microsoft Visual Studio 12.0\VC\include\crtdefs.h(865,87) :  note: expanded from macro '__DEFINE_CPP_OVERLOAD_STANDARD_FUNC_0_1'
             __DEFINE_CPP_OVERLOAD_STANDARD_FUNC_0_1_EX(_ReturnType, _ReturnPolicy, _DeclSpec, _FuncName, _FuncName##_s, _DstType, _SalAttributeDst, _DstType, _Dst, _TType1, _TArg1)
                                                                                               ^
         C:\Program Files (x86)\Microsoft Visual Studio 12.0\VC\include\crtdefs.h(1939,76) :  note: expanded from macro '__DEFINE_CPP_OVERLOAD_STANDARD_FUNC_0_1_EX'
             _CRT_INSECURE_DEPRECATE(_SecureFuncName) _DeclSpec _ReturnType __cdecl _FuncName(_SalAttributeDst _DstType *_Dst, _TType1 _TArg1);
                                                                                    ^
     1>CWG-Creator.c(728,5): warning : 'strcat' is deprecated: This function or variable may be unsafe. Consider using strcat_s instead. To disable deprecation, use _CRT_SECURE_NO_WARNINGS. See online help for details. [-Wdeprecated-declarations]
             strcat(tempDebugName, ".txt");
             ^
         C:\Program Files (x86)\Microsoft Visual Studio 12.0\VC\include\string.h(118,88) :  note: 'strcat' has been explicitly marked deprecated here
         __DEFINE_CPP_OVERLOAD_STANDARD_FUNC_0_1(char *, __RETURN_POLICY_DST, __EMPTY_DECLSPEC, strcat, _Inout_updates_z_(_String_length_(_Dest) + _String_length_(_Source) + 1), char, _Dest, _In_z_ const char *, _Source)
                                                                                                ^
         C:\Program Files (x86)\Microsoft Visual Studio 12.0\VC\include\crtdefs.h(865,87) :  note: expanded from macro '__DEFINE_CPP_OVERLOAD_STANDARD_FUNC_0_1'
             __DEFINE_CPP_OVERLOAD_STANDARD_FUNC_0_1_EX(_ReturnType, _ReturnPolicy, _DeclSpec, _FuncName, _FuncName##_s, _DstType, _SalAttributeDst, _DstType, _Dst, _TType1, _TArg1)
                                                                                               ^
         C:\Program Files (x86)\Microsoft Visual Studio 12.0\VC\include\crtdefs.h(1939,76) :  note: expanded from macro '__DEFINE_CPP_OVERLOAD_STANDARD_FUNC_0_1_EX'
             _CRT_INSECURE_DEPRECATE(_SecureFuncName) _DeclSpec _ReturnType __cdecl _FuncName(_SalAttributeDst _DstType *_Dst, _TType1 _TArg1);
                                                                                    ^
     1>CWG-Creator.c(730,31): warning : 'fopen' is deprecated: This function or variable may be unsafe. Consider using fopen_s instead. To disable deprecation, use _CRT_SECURE_NO_WARNINGS. See online help for details. [-Wdeprecated-declarations]
             FILE* FinalProductDebug = fopen(tempDebugName, "w");
                                       ^
         C:\Program Files (x86)\Microsoft Visual Studio 12.0\VC\include\stdio.h(211,72) :  note: 'fopen' has been explicitly marked deprecated here
         _Check_return_ _CRT_INSECURE_DEPRECATE(fopen_s) _CRTIMP FILE * __cdecl fopen(_In_z_ const char * _Filename, _In_z_ const char * _Mode);
                                                                                ^
         11 warnings generated.
         Note: including file: C:\Program Files (x86)\Microsoft Visual Studio 12.0\VC\include\stdio.h
         Note: including file:  C:\Program Files (x86)\Microsoft Visual Studio 12.0\VC\include\crtdefs.h
         Note: including file:   C:\Program Files (x86)\Microsoft Visual Studio 12.0\VC\include\sal.h
         Note: including file:    C:\Program Files (x86)\Microsoft Visual Studio 12.0\VC\include\ConcurrencySal.h
         Note: including file:   C:\Program Files (x86)\Microsoft Visual Studio 12.0\VC\include\vadefs.h
         Note: including file:  C:\Program Files (x86)\Microsoft Visual Studio 12.0\VC\include\swprintf.inl
         Note: including file: C:\Program Files (x86)\Microsoft Visual Studio 12.0\VC\include\stdlib.h
         Note: including file:  C:\Program Files (x86)\Microsoft Visual Studio 12.0\VC\include\crtdefs.h
         Note: including file:  C:\Program Files (x86)\LLVM\msbuild-bin\..\lib\clang\3.5.0\include\limits.h
         Note: including file:   C:\Program Files (x86)\Microsoft Visual Studio 12.0\VC\include\limits.h
         Note: including file:    C:\Program Files (x86)\Microsoft Visual Studio 12.0\VC\include\crtdefs.h
         Note: including file: C:\Program Files (x86)\Microsoft Visual Studio 12.0\VC\include\string.h
         Note: including file:  C:\Program Files (x86)\Microsoft Visual Studio 12.0\VC\include\crtdefs.h
         Note: including file: C:\Program Files (x86)\LLVM\msbuild-bin\..\lib\clang\3.5.0\include\stdbool.h
         Note: including file: ./CWGLib.h
         Note: including file: C:\Program Files (x86)\Microsoft Visual Studio 12.0\VC\include\stdlib.h
         Note: including file:  C:\Program Files (x86)\Microsoft Visual Studio 12.0\VC\include\crtdefs.h
         Note: including file:   C:\Program Files (x86)\Microsoft Visual Studio 12.0\VC\include\sal.h
         Note: including file:    C:\Program Files (x86)\Microsoft Visual Studio 12.0\VC\include\ConcurrencySal.h
         Note: including file:   C:\Program Files (x86)\Microsoft Visual Studio 12.0\VC\include\vadefs.h
         Note: including file:  C:\Program Files (x86)\LLVM\msbuild-bin\..\lib\clang\3.5.0\include\limits.h
         Note: including file:   C:\Program Files (x86)\Microsoft Visual Studio 12.0\VC\include\limits.h
         Note: including file:    C:\Program Files (x86)\Microsoft Visual Studio 12.0\VC\include\crtdefs.h
         Note: including file: C:\Program Files (x86)\Microsoft Visual Studio 12.0\VC\include\string.h
         Note: including file:  C:\Program Files (x86)\Microsoft Visual Studio 12.0\VC\include\crtdefs.h
         Note: including file: ./dawg.h
         Note: including file:  ./CWGLib.h
         Note: including file:   C:\Program Files (x86)\LLVM\msbuild-bin\..\lib\clang\3.5.0\include\stdbool.h
         Note: including file:  ./tnode.h
         In file included from dawg.c:11:
         In file included from ./dawg.h:13:
     1>./tnode.h(12,21): warning : extra tokens at end of #include directive [-Wextra-tokens]
         #include <stdbool.h>;
                             ^
                             //
         1 warning generated.
         Note: including file: ./DictionaryManager.h
         Note: including file:  ./CWGLib.h
         Note: including file:   C:\Program Files (x86)\LLVM\msbuild-bin\..\lib\clang\3.5.0\include\stdbool.h
         Note: including file:  ./libkern/OSAtomic.h
         In file included from DictionaryManager.c:9:
         In file included from ./DictionaryManager.h:11:
     1>./libkern/OSAtomic.h(14,10): fatal error : 'Windows.h' file not found
         #include <Windows.h>
                  ^
         Note: including file:   C:\Program Files (x86)\LLVM\msbuild-bin\..\lib\clang\3.5.0\include\intrin.h
         Note: including file:    C:\Program Files (x86)\LLVM\msbuild-bin\..\lib\clang\3.5.0\include\x86intrin.h
         Note: including file:     C:\Program Files (x86)\LLVM\msbuild-bin\..\lib\clang\3.5.0\include\ia32intrin.h
         Note: including file:     C:\Program Files (x86)\LLVM\msbuild-bin\..\lib\clang\3.5.0\include\immintrin.h
         Note: including file:      C:\Program Files (x86)\LLVM\msbuild-bin\..\lib\clang\3.5.0\include\mmintrin.h
         Note: including file:      C:\Program Files (x86)\LLVM\msbuild-bin\..\lib\clang\3.5.0\include\xmmintrin.h
         Note: including file:       C:\Program Files (x86)\LLVM\msbuild-bin\..\lib\clang\3.5.0\include\mm_malloc.h
         Note: including file:        C:\Program Files (x86)\Microsoft Visual Studio 12.0\VC\include\stdlib.h
         Note: including file:         C:\Program Files (x86)\Microsoft Visual Studio 12.0\VC\include\crtdefs.h
         Note: including file:          C:\Program Files (x86)\Microsoft Visual Studio 12.0\VC\include\sal.h
         Note: including file:           C:\Program Files (x86)\Microsoft Visual Studio 12.0\VC\include\ConcurrencySal.h
         Note: including file:          C:\Program Files (x86)\Microsoft Visual Studio 12.0\VC\include\vadefs.h
         Note: including file:         C:\Program Files (x86)\LLVM\msbuild-bin\..\lib\clang\3.5.0\include\limits.h
         Note: including file:          C:\Program Files (x86)\Microsoft Visual Studio 12.0\VC\include\limits.h
         Note: including file:           C:\Program Files (x86)\Microsoft Visual Studio 12.0\VC\include\crtdefs.h
         Note: including file:        C:\Program Files (x86)\Microsoft Visual Studio 12.0\VC\include\malloc.h
         Note: including file:         C:\Program Files (x86)\Microsoft Visual Studio 12.0\VC\include\crtdefs.h
         Note: including file:       C:\Program Files (x86)\LLVM\msbuild-bin\..\lib\clang\3.5.0\include\emmintrin.h
         Note: including file:        C:\Program Files (x86)\LLVM\msbuild-bin\..\lib\clang\3.5.0\include\xmmintrin.h
         Note: including file:    C:\Program Files (x86)\Microsoft Visual Studio 12.0\VC\include\setjmp.h
         Note: including file:     C:\Program Files (x86)\Microsoft Visual Studio 12.0\VC\include\crtdefs.h
         Note: including file:   ./libkern/../stdbool.h
         Note: including file: C:\Program Files (x86)\Microsoft Visual Studio 12.0\VC\include\string.h
         Note: including file:  C:\Program Files (x86)\Microsoft Visual Studio 12.0\VC\include\crtdefs.h
         Note: including file: C:\Program Files (x86)\Microsoft Visual Studio 12.0\VC\include\stdio.h
         Note: including file:  C:\Program Files (x86)\Microsoft Visual Studio 12.0\VC\include\crtdefs.h
         Note: including file:  C:\Program Files (x86)\Microsoft Visual Studio 12.0\VC\include\swprintf.inl
         Note: including file: C:\Program Files (x86)\Microsoft Visual Studio 12.0\VC\include\assert.h
         Note: including file:  C:\Program Files (x86)\Microsoft Visual Studio 12.0\VC\include\crtdefs.h
         1 error generated.
         Note: including file: C:\Program Files (x86)\Microsoft Visual Studio 12.0\VC\include\stdlib.h
         Note: including file:  C:\Program Files (x86)\Microsoft Visual Studio 12.0\VC\include\crtdefs.h
         Note: including file:   C:\Program Files (x86)\Microsoft Visual Studio 12.0\VC\include\sal.h
         Note: including file:    C:\Program Files (x86)\Microsoft Visual Studio 12.0\VC\include\ConcurrencySal.h
         Note: including file:   C:\Program Files (x86)\Microsoft Visual Studio 12.0\VC\include\vadefs.h
         Note: including file:  C:\Program Files (x86)\LLVM\msbuild-bin\..\lib\clang\3.5.0\include\limits.h
         Note: including file:   C:\Program Files (x86)\Microsoft Visual Studio 12.0\VC\include\limits.h
         Note: including file:    C:\Program Files (x86)\Microsoft Visual Studio 12.0\VC\include\crtdefs.h
         Note: including file: C:\Program Files (x86)\Microsoft Visual Studio 12.0\VC\include\stdio.h
         Note: including file:  C:\Program Files (x86)\Microsoft Visual Studio 12.0\VC\include\crtdefs.h
         Note: including file:  C:\Program Files (x86)\Microsoft Visual Studio 12.0\VC\include\swprintf.inl
         Note: including file: C:\Program Files (x86)\Microsoft Visual Studio 12.0\VC\include\string.h
         Note: including file:  C:\Program Files (x86)\Microsoft Visual Studio 12.0\VC\include\crtdefs.h
         Note: including file: C:\Program Files (x86)\LLVM\msbuild-bin\..\lib\clang\3.5.0\include\stdbool.h
         Note: including file: ./CWGLib.h
         Note: including file: C:\Program Files (x86)\Microsoft Visual Studio 12.0\VC\include\assert.h
         Note: including file:  C:\Program Files (x86)\Microsoft Visual Studio 12.0\VC\include\crtdefs.h
         Note: including file: ./arraydawg.h
         Note: including file:  ./tnode.h
         In file included from Justin-CWG-Search.c:11:
         In file included from ./arraydawg.h:12:
     1>./tnode.h(12,21): warning : extra tokens at end of #include directive [-Wextra-tokens]
         #include <stdbool.h>;
                             ^
                             //
     1>Justin-CWG-Search.c(139,48): warning : array subscript is of type 'char' [-Wchar-subscripts]
                     if(TheChildListFormat & PowersOfTwo[i]) {
                                                        ^~
     1>Justin-CWG-Search.c(151,16): warning : 'fopen' is deprecated: This function or variable may be unsafe. Consider using fopen_s instead. To disable deprecation, use _CRT_SECURE_NO_WARNINGS. See online help for details. [-Wdeprecated-declarations]
             WordDump = fopen(OUT_LIST, "w");
                        ^
         C:\Program Files (x86)\Microsoft Visual Studio 12.0\VC\include\stdio.h(211,72) :  note: 'fopen' has been explicitly marked deprecated here
         _Check_return_ _CRT_INSECURE_DEPRECATE(fopen_s) _CRTIMP FILE * __cdecl fopen(_In_z_ const char * _Filename, _In_z_ const char * _Mode);
                                                                                ^
     1>Justin-CWG-Search.c(171,18): warning : 'fopen' is deprecated: This function or variable may be unsafe. Consider using fopen_s instead. To disable deprecation, use _CRT_SECURE_NO_WARNINGS. See online help for details. [-Wdeprecated-declarations]
             FILE *Data = fopen(GRAPH_DATA, "rb");
                          ^
         C:\Program Files (x86)\Microsoft Visual Studio 12.0\VC\include\stdio.h(211,72) :  note: 'fopen' has been explicitly marked deprecated here
         _Check_return_ _CRT_INSECURE_DEPRECATE(fopen_s) _CRTIMP FILE * __cdecl fopen(_In_z_ const char * _Filename, _In_z_ const char * _Mode);
                                                                                ^
         4 warnings generated.
         Note: including file: libkern/OSAtomic.h
         In file included from libkern\OSAtomic.c:1:
     1>libkern/OSAtomic.h(14,10): fatal error : 'Windows.h' file not found
         #include <Windows.h>
                  ^
         Note: including file:  C:\Program Files (x86)\LLVM\msbuild-bin\..\lib\clang\3.5.0\include\intrin.h
         Note: including file:   C:\Program Files (x86)\LLVM\msbuild-bin\..\lib\clang\3.5.0\include\x86intrin.h
         Note: including file:    C:\Program Files (x86)\LLVM\msbuild-bin\..\lib\clang\3.5.0\include\ia32intrin.h
         Note: including file:    C:\Program Files (x86)\LLVM\msbuild-bin\..\lib\clang\3.5.0\include\immintrin.h
         Note: including file:     C:\Program Files (x86)\LLVM\msbuild-bin\..\lib\clang\3.5.0\include\mmintrin.h
         Note: including file:     C:\Program Files (x86)\LLVM\msbuild-bin\..\lib\clang\3.5.0\include\xmmintrin.h
         Note: including file:      C:\Program Files (x86)\LLVM\msbuild-bin\..\lib\clang\3.5.0\include\mm_malloc.h
         Note: including file:       C:\Program Files (x86)\Microsoft Visual Studio 12.0\VC\include\stdlib.h
         Note: including file:        C:\Program Files (x86)\Microsoft Visual Studio 12.0\VC\include\crtdefs.h
         Note: including file:         C:\Program Files (x86)\Microsoft Visual Studio 12.0\VC\include\sal.h
         Note: including file:          C:\Program Files (x86)\Microsoft Visual Studio 12.0\VC\include\ConcurrencySal.h
         Note: including file:         C:\Program Files (x86)\Microsoft Visual Studio 12.0\VC\include\vadefs.h
         Note: including file:        C:\Program Files (x86)\LLVM\msbuild-bin\..\lib\clang\3.5.0\include\limits.h
         Note: including file:         C:\Program Files (x86)\Microsoft Visual Studio 12.0\VC\include\limits.h
         Note: including file:          C:\Program Files (x86)\Microsoft Visual Studio 12.0\VC\include\crtdefs.h
         Note: including file:       C:\Program Files (x86)\Microsoft Visual Studio 12.0\VC\include\malloc.h
         Note: including file:        C:\Program Files (x86)\Microsoft Visual Studio 12.0\VC\include\crtdefs.h
         Note: including file:      C:\Program Files (x86)\LLVM\msbuild-bin\..\lib\clang\3.5.0\include\emmintrin.h
         Note: including file:       C:\Program Files (x86)\LLVM\msbuild-bin\..\lib\clang\3.5.0\include\xmmintrin.h
         Note: including file:   C:\Program Files (x86)\Microsoft Visual Studio 12.0\VC\include\setjmp.h
         Note: including file:    C:\Program Files (x86)\Microsoft Visual Studio 12.0\VC\include\crtdefs.h
         Note: including file:  libkern/../stdbool.h
         1 error generated.
         Note: including file: C:\Program Files (x86)\Microsoft Visual Studio 12.0\VC\include\stdlib.h
         Note: including file:  C:\Program Files (x86)\Microsoft Visual Studio 12.0\VC\include\crtdefs.h
         Note: including file:   C:\Program Files (x86)\Microsoft Visual Studio 12.0\VC\include\sal.h
         Note: including file:    C:\Program Files (x86)\Microsoft Visual Studio 12.0\VC\include\ConcurrencySal.h
         Note: including file:   C:\Program Files (x86)\Microsoft Visual Studio 12.0\VC\include\vadefs.h
         Note: including file:  C:\Program Files (x86)\LLVM\msbuild-bin\..\lib\clang\3.5.0\include\limits.h
         Note: including file:   C:\Program Files (x86)\Microsoft Visual Studio 12.0\VC\include\limits.h
         Note: including file:    C:\Program Files (x86)\Microsoft Visual Studio 12.0\VC\include\crtdefs.h
         Note: including file: C:\Program Files (x86)\Microsoft Visual Studio 12.0\VC\include\stdio.h
         Note: including file:  C:\Program Files (x86)\Microsoft Visual Studio 12.0\VC\include\crtdefs.h
         Note: including file:  C:\Program Files (x86)\Microsoft Visual Studio 12.0\VC\include\swprintf.inl
         Note: including file: C:\Program Files (x86)\Microsoft Visual Studio 12.0\VC\include\string.h
         Note: including file:  C:\Program Files (x86)\Microsoft Visual Studio 12.0\VC\include\crtdefs.h
         Note: including file: ./CWG-Creator.h
         Note: including file: ./Justin-CWG-Search.h
         Note: including file: ./DictionaryManager.h
         Note: including file:  ./CWGLib.h
         Note: including file:   C:\Program Files (x86)\LLVM\msbuild-bin\..\lib\clang\3.5.0\include\stdbool.h
         Note: including file:  ./libkern/OSAtomic.h
         In file included from main.c:16:
         In file included from ./DictionaryManager.h:11:
     1>./libkern/OSAtomic.h(14,10): fatal error : 'Windows.h' file not found
         #include <Windows.h>
                  ^
         Note: including file:   C:\Program Files (x86)\LLVM\msbuild-bin\..\lib\clang\3.5.0\include\intrin.h
         Note: including file:    C:\Program Files (x86)\LLVM\msbuild-bin\..\lib\clang\3.5.0\include\x86intrin.h
         Note: including file:     C:\Program Files (x86)\LLVM\msbuild-bin\..\lib\clang\3.5.0\include\ia32intrin.h
         Note: including file:     C:\Program Files (x86)\LLVM\msbuild-bin\..\lib\clang\3.5.0\include\immintrin.h
         Note: including file:      C:\Program Files (x86)\LLVM\msbuild-bin\..\lib\clang\3.5.0\include\mmintrin.h
         Note: including file:      C:\Program Files (x86)\LLVM\msbuild-bin\..\lib\clang\3.5.0\include\xmmintrin.h
         Note: including file:       C:\Program Files (x86)\LLVM\msbuild-bin\..\lib\clang\3.5.0\include\mm_malloc.h
         Note: including file:        C:\Program Files (x86)\Microsoft Visual Studio 12.0\VC\include\malloc.h
         Note: including file:         C:\Program Files (x86)\Microsoft Visual Studio 12.0\VC\include\crtdefs.h
         Note: including file:       C:\Program Files (x86)\LLVM\msbuild-bin\..\lib\clang\3.5.0\include\emmintrin.h
         Note: including file:        C:\Program Files (x86)\LLVM\msbuild-bin\..\lib\clang\3.5.0\include\xmmintrin.h
         Note: including file:    C:\Program Files (x86)\Microsoft Visual Studio 12.0\VC\include\setjmp.h
         Note: including file:     C:\Program Files (x86)\Microsoft Visual Studio 12.0\VC\include\crtdefs.h
         Note: including file:   ./libkern/../stdbool.h
         Note: including file: C:\Program Files (x86)\Microsoft Visual Studio 12.0\VC\include\assert.h
         Note: including file:  C:\Program Files (x86)\Microsoft Visual Studio 12.0\VC\include\crtdefs.h
         1 error generated.
         Note: including file: ./tnode.h
         In file included from tnode.c:9:
     1>./tnode.h(12,21): warning : extra tokens at end of #include directive [-Wextra-tokens]
         #include <stdbool.h>;
                             ^
                             //
         Note: including file:  C:\Program Files (x86)\LLVM\msbuild-bin\..\lib\clang\3.5.0\include\stdbool.h
         Note: including file: C:\Program Files (x86)\Microsoft Visual Studio 12.0\VC\include\stdlib.h
         Note: including file:  C:\Program Files (x86)\Microsoft Visual Studio 12.0\VC\include\crtdefs.h
         Note: including file:   C:\Program Files (x86)\Microsoft Visual Studio 12.0\VC\include\sal.h
         Note: including file:    C:\Program Files (x86)\Microsoft Visual Studio 12.0\VC\include\ConcurrencySal.h
         Note: including file:   C:\Program Files (x86)\Microsoft Visual Studio 12.0\VC\include\vadefs.h
         Note: including file:  C:\Program Files (x86)\LLVM\msbuild-bin\..\lib\clang\3.5.0\include\limits.h
         Note: including file:   C:\Program Files (x86)\Microsoft Visual Studio 12.0\VC\include\limits.h
         Note: including file:    C:\Program Files (x86)\Microsoft Visual Studio 12.0\VC\include\crtdefs.h
         Note: including file: C:\Program Files (x86)\Microsoft Visual Studio 12.0\VC\include\stdio.h
         Note: including file:  C:\Program Files (x86)\Microsoft Visual Studio 12.0\VC\include\crtdefs.h
         Note: including file:  C:\Program Files (x86)\Microsoft Visual Studio 12.0\VC\include\swprintf.inl
         Note: including file: C:\Program Files (x86)\Microsoft Visual Studio 12.0\VC\include\string.h
         Note: including file:  C:\Program Files (x86)\Microsoft Visual Studio 12.0\VC\include\crtdefs.h
     1>tnode.c(266,22): warning : array subscript is of type 'char' [-Wchar-subscripts]
                     Tabulator[ThisTnode->MaxChildDepth] += 1;
                              ^~~~~~~~~~~~~~~~~~~~~~~~~
         2 warnings generated.
     1>Done Building Project "C:\Users\chris\Documents\Visual Studio 2013\Projects\CWG\cwg.vcxproj" (Build target(s)) -- FAILED.

Build FAILED.

Time Elapsed 00:00:01.58
